
---------------------------------------------------------------------------------------------------------
LOC: Helsinki  UPDATED: Fri,19 Jan 2018 03:30:316 UNIT: Celsius 
---------------------------------------------------------------------------------------------------------
Current         | Fri,19 Jan 2018 | Sat,20 Jan 2018 | Sun,21 Jan 2018 | Mon,22 Jan 2018 | Tue,23 Jan 2018
-5Celsius       | -5Low  0High    | -5Low  0High    | -7Low  -5High   | -8Low  -6High   | -8Low  -4High  
---------------------------------------------------------------------------------------------------------
ALERT: Forecast Temperature [-5 0] on Fri,19 Jan overshoots tolerable range [0 30]
---------------------------------------------------------------------------------------------------------


---------------------------------------------------------------------------------------------------------
LOC: talinn  UPDATED: Fri,19 Jan 2018 03:30:483 UNIT: Celsius 
---------------------------------------------------------------------------------------------------------
Current         | Fri,19 Jan 2018 | Sat,20 Jan 2018 | Sun,21 Jan 2018 | Mon,22 Jan 2018 | Tue,23 Jan 2018
10Celsius       | 10Low  14High   | 6Low  13High    | 12Low  16High   | 12Low  17High   | 11Low  17High  
---------------------------------------------------------------------------------------------------------
ALERT: None
---------------------------------------------------------------------------------------------------------


---------------------------------------------------------------------------------------------------------
LOC: Helsinki  UPDATED: Sat,20 Jan 2018 03:33:173 UNIT: Celsius 
---------------------------------------------------------------------------------------------------------
Current         | Sat,20 Jan 2018 | Sun,21 Jan 2018 | Mon,22 Jan 2018 | Tue,23 Jan 2018 | Wed,24 Jan 2018
-2Celsius       | -4Low  -2High   | -8Low  -3High   |  |  | -2Low  1High   
---------------------------------------------------------------------------------------------------------
ALERT: Forecast Temperature [-4 -2] on Sat,20 Jan overshoots tolerable range [0 30]
---------------------------------------------------------------------------------------------------------


---------------------------------------------------------------------------------------------------------
LOC: talinn  UPDATED: Sat,20 Jan 2018 03:33:405 UNIT: Celsius 
---------------------------------------------------------------------------------------------------------
Current         | Sat,20 Jan 2018 | Sun,21 Jan 2018 | Mon,22 Jan 2018 | Tue,23 Jan 2018 | Wed,24 Jan 2018
10Celsius       | 6Low  13High    | 12Low  16High   | 12Low  16High   | 8Low  15High    | 8Low  15High   
---------------------------------------------------------------------------------------------------------
ALERT: None
---------------------------------------------------------------------------------------------------------


---------------------------------------------------------------------------------------------------------
LOC: Helsinki  UPDATED: Sat,20 Jan 2018 09:04:13 UNIT: Celsius 
---------------------------------------------------------------------------------------------------------
Current         | Sat,20 Jan 2018 | Sun,21 Jan 2018 | Mon,22 Jan 2018 | Tue,23 Jan 2018 | Wed,24 Jan 2018
-1Celsius       | -4Low  -1High   | -8Low  -3High   |  |  | -2Low  1High   
---------------------------------------------------------------------------------------------------------
ALERT: Forecast Temperature [-4 -1] on Sat,20 Jan overshoots tolerable range [0 30]
---------------------------------------------------------------------------------------------------------


---------------------------------------------------------------------------------------------------------
LOC: talinn  UPDATED: Sat,20 Jan 2018 09:04:309 UNIT: Celsius 
---------------------------------------------------------------------------------------------------------
Current         | Sat,20 Jan 2018 | Sun,21 Jan 2018 | Mon,22 Jan 2018 | Tue,23 Jan 2018 | Wed,24 Jan 2018
8Celsius        | 7Low  13High    | 12Low  16High   | 12Low  16High   | 8Low  15High    | 8Low  15High   
---------------------------------------------------------------------------------------------------------
ALERT: None
---------------------------------------------------------------------------------------------------------


---------------------------------------------------------------------------------------------------------
LOC: Helsinki  UPDATED: Sat,20 Jan 2018 11:04:993 UNIT: Celsius 
---------------------------------------------------------------------------------------------------------
Current         | Sat,20 Jan 2018 | Sun,21 Jan 2018 | Mon,22 Jan 2018 | Tue,23 Jan 2018 | Wed,24 Jan 2018
-3Celsius       | -4Low  -1High   | -8Low  -3High   |  |  | -2Low  1High   
---------------------------------------------------------------------------------------------------------
ALERT: Forecast Temperature [-4 -1] on Sat,20 Jan overshoots tolerable range [0 30]
---------------------------------------------------------------------------------------------------------


---------------------------------------------------------------------------------------------------------
LOC: talinn  UPDATED: Sat,20 Jan 2018 11:04:242 UNIT: Celsius 
---------------------------------------------------------------------------------------------------------
Current         | Sat,20 Jan 2018 | Sun,21 Jan 2018 | Mon,22 Jan 2018 | Tue,23 Jan 2018 | Wed,24 Jan 2018
8Celsius        | 8Low  13High    | 12Low  16High   | 12Low  16High   | 8Low  15High    | 8Low  15High   
---------------------------------------------------------------------------------------------------------
ALERT: None
---------------------------------------------------------------------------------------------------------

